<?xml version="1.0" encoding="UTF-8"?>
<testsuite name="org.example.application.impl.FindTransactionByIdUseCaseTest" tests="2" skipped="0" failures="0" errors="0" timestamp="2024-05-14T23:42:31" hostname="DANIEL-PC" time="1.451">
  <properties/>
  <testcase name="findTransactionByIdUseCaseWithExistingDataReturnTransaction()" classname="org.example.application.impl.FindTransactionByIdUseCaseTest" time="1.434"/>
  <testcase name="findTransactionByIdUseCaseWithNotExistingDataThrowNotFoundException()" classname="org.example.application.impl.FindTransactionByIdUseCaseTest" time="0.015"/>
  <system-out><![CDATA[]]></system-out>
  <system-err><![CDATA[]]></system-err>
</testsuite>
