<?xml version="1.0" encoding="UTF-8"?>
<testsuite name="org.example.core.utils.NSUGenerateTest" tests="1" skipped="0" failures="0" errors="0" timestamp="2024-05-14T23:41:43" hostname="DANIEL-PC" time="0.023">
  <properties/>
  <testcase name="generateNSU()" classname="org.example.core.utils.NSUGenerateTest" time="0.023"/>
  <system-out><![CDATA[]]></system-out>
  <system-err><![CDATA[]]></system-err>
</testsuite>
